Determining if the pthread_create exist failed with the following output:
Change Dir: /home/tianbot/tianbot_ws/build/CMakeFiles/CMakeTmp

Run Build Command:"/usr/bin/make" "cmTC_72d0e/fast"
/usr/bin/make -f CMakeFiles/cmTC_72d0e.dir/build.make CMakeFiles/cmTC_72d0e.dir/build
make[1]: Entering directory '/home/tianbot/tianbot_ws/build/CMakeFiles/CMakeTmp'
Building C object CMakeFiles/cmTC_72d0e.dir/CheckSymbolExists.c.o
/usr/bin/cc    -o CMakeFiles/cmTC_72d0e.dir/CheckSymbolExists.c.o   -c /home/tianbot/tianbot_ws/build/CMakeFiles/CMakeTmp/CheckSymbolExists.c
Linking C executable cmTC_72d0e
/usr/bin/cmake -E cmake_link_script CMakeFiles/cmTC_72d0e.dir/link.txt --verbose=1
/usr/bin/cc      -rdynamic CMakeFiles/cmTC_72d0e.dir/CheckSymbolExists.c.o  -o cmTC_72d0e 
CMakeFiles/cmTC_72d0e.dir/CheckSymbolExists.c.o: In function `main':
CheckSymbolExists.c:(.text+0x14): undefined reference to `pthread_create'
CheckSymbolExists.c:(.text+0x18): undefined reference to `pthread_create'
collect2: error: ld returned 1 exit status
CMakeFiles/cmTC_72d0e.dir/build.make:97: recipe for target 'cmTC_72d0e' failed
make[1]: *** [cmTC_72d0e] Error 1
make[1]: Leaving directory '/home/tianbot/tianbot_ws/build/CMakeFiles/CMakeTmp'
Makefile:126: recipe for target 'cmTC_72d0e/fast' failed
make: *** [cmTC_72d0e/fast] Error 2

File /home/tianbot/tianbot_ws/build/CMakeFiles/CMakeTmp/CheckSymbolExists.c:
/* */
#include <pthread.h>

int main(int argc, char** argv)
{
  (void)argv;
#ifndef pthread_create
  return ((int*)(&pthread_create))[argc];
#else
  (void)argc;
  return 0;
#endif
}

Determining if the function pthread_create exists in the pthreads failed with the following output:
Change Dir: /home/tianbot/tianbot_ws/build/CMakeFiles/CMakeTmp

Run Build Command:"/usr/bin/make" "cmTC_13703/fast"
/usr/bin/make -f CMakeFiles/cmTC_13703.dir/build.make CMakeFiles/cmTC_13703.dir/build
make[1]: Entering directory '/home/tianbot/tianbot_ws/build/CMakeFiles/CMakeTmp'
Building C object CMakeFiles/cmTC_13703.dir/CheckFunctionExists.c.o
/usr/bin/cc   -DCHECK_FUNCTION_EXISTS=pthread_create   -o CMakeFiles/cmTC_13703.dir/CheckFunctionExists.c.o   -c /usr/share/cmake-3.10/Modules/CheckFunctionExists.c
Linking C executable cmTC_13703
/usr/bin/cmake -E cmake_link_script CMakeFiles/cmTC_13703.dir/link.txt --verbose=1
/usr/bin/cc  -DCHECK_FUNCTION_EXISTS=pthread_create    -rdynamic CMakeFiles/cmTC_13703.dir/CheckFunctionExists.c.o  -o cmTC_13703 -lpthreads 
/usr/bin/ld: cannot find -lpthreads
collect2: error: ld returned 1 exit status
CMakeFiles/cmTC_13703.dir/build.make:97: recipe for target 'cmTC_13703' failed
make[1]: *** [cmTC_13703] Error 1
make[1]: Leaving directory '/home/tianbot/tianbot_ws/build/CMakeFiles/CMakeTmp'
Makefile:126: recipe for target 'cmTC_13703/fast' failed
make: *** [cmTC_13703/fast] Error 2


Determining if the include file pgm.h exists failed with the following output:
Change Dir: /home/tianbot/tianbot_ws/build/CMakeFiles/CMakeTmp

Run Build Command:"/usr/bin/make" "cmTC_37c77/fast"
/usr/bin/make -f CMakeFiles/cmTC_37c77.dir/build.make CMakeFiles/cmTC_37c77.dir/build
make[1]: Entering directory '/home/tianbot/tianbot_ws/build/CMakeFiles/CMakeTmp'
Building CXX object CMakeFiles/cmTC_37c77.dir/CheckIncludeFile.cxx.o
/usr/bin/c++     -o CMakeFiles/cmTC_37c77.dir/CheckIncludeFile.cxx.o -c /home/tianbot/tianbot_ws/build/CMakeFiles/CMakeTmp/CheckIncludeFile.cxx
/home/tianbot/tianbot_ws/build/CMakeFiles/CMakeTmp/CheckIncludeFile.cxx:1:10: fatal error: pgm.h: No such file or directory
 #include <pgm.h>
          ^~~~~~~
compilation terminated.
CMakeFiles/cmTC_37c77.dir/build.make:65: recipe for target 'CMakeFiles/cmTC_37c77.dir/CheckIncludeFile.cxx.o' failed
make[1]: *** [CMakeFiles/cmTC_37c77.dir/CheckIncludeFile.cxx.o] Error 1
make[1]: Leaving directory '/home/tianbot/tianbot_ws/build/CMakeFiles/CMakeTmp'
Makefile:126: recipe for target 'cmTC_37c77/fast' failed
make: *** [cmTC_37c77/fast] Error 2


